-------------------------------------------------------------------------------
Test set: com.lcwd.electronic.store.controllers.UserControllerTest
-------------------------------------------------------------------------------
Tests run: 3, Failures: 1, Errors: 0, Skipped: 0, Time elapsed: 9.185 s <<< FAILURE! - in com.lcwd.electronic.store.controllers.UserControllerTest
updateUserTest  Time elapsed: 0.084 s  <<< FAILURE!
java.lang.AssertionError: Status expected:<200> but was:<401>
	at com.lcwd.electronic.store.controllers.UserControllerTest.updateUserTest(UserControllerTest.java:102)

